<?xml version="1.0" encoding="UTF-8"?>
<testsuite xmlns:xsi="http://www.w3.org/2001/XMLSchema-instance" xsi:noNamespaceSchemaLocation="https://maven.apache.org/surefire/maven-surefire-plugin/xsd/surefire-test-report.xsd" name="com.Tests" time="1.659" tests="3" errors="0" skipped="0" failures="0">
  <properties>
    <property name="java.specification.version" value="14"/>
    <property name="sun.management.compiler" value="HotSpot 64-Bit Tiered Compilers"/>
    <property name="sun.jnu.encoding" value="UTF-8"/>
    <property name="java.runtime.version" value="14.0.2+12-Ubuntu-120.04"/>
    <property name="java.class.path" value="/mnt/d/Code/sofware/examen-JeanPaul/target/test-classes:/mnt/d/Code/sofware/examen-JeanPaul/target/classes:/mnt/d/wsl/.m2/repository/org/testng/testng/7.3.0/testng-7.3.0.jar:/mnt/d/wsl/.m2/repository/com/beust/jcommander/1.78/jcommander-1.78.jar:/mnt/d/wsl/.m2/repository/org/apache/ant/ant/1.10.3/ant-1.10.3.jar:/mnt/d/wsl/.m2/repository/org/apache/ant/ant-launcher/1.10.3/ant-launcher-1.10.3.jar:/mnt/d/wsl/.m2/repository/junit/junit/4.12/junit-4.12.jar:/mnt/d/wsl/.m2/repository/org/hamcrest/hamcrest-core/1.3/hamcrest-core-1.3.jar:/mnt/d/wsl/.m2/repository/com/google/inject/guice/4.2.2/guice-4.2.2-no_aop.jar:/mnt/d/wsl/.m2/repository/javax/inject/javax.inject/1/javax.inject-1.jar:/mnt/d/wsl/.m2/repository/aopalliance/aopalliance/1.0/aopalliance-1.0.jar:/mnt/d/wsl/.m2/repository/com/google/guava/guava/25.1-android/guava-25.1-android.jar:/mnt/d/wsl/.m2/repository/com/google/code/findbugs/jsr305/3.0.2/jsr305-3.0.2.jar:/mnt/d/wsl/.m2/repository/org/checkerframework/checker-compat-qual/2.0.0/checker-compat-qual-2.0.0.jar:/mnt/d/wsl/.m2/repository/com/google/errorprone/error_prone_annotations/2.1.3/error_prone_annotations-2.1.3.jar:/mnt/d/wsl/.m2/repository/com/google/j2objc/j2objc-annotations/1.1/j2objc-annotations-1.1.jar:/mnt/d/wsl/.m2/repository/org/codehaus/mojo/animal-sniffer-annotations/1.14/animal-sniffer-annotations-1.14.jar:/mnt/d/wsl/.m2/repository/org/yaml/snakeyaml/1.21/snakeyaml-1.21.jar:"/>
    <property name="user.name" value="jean"/>
    <property name="java.vm.vendor" value="Private Build"/>
    <property name="path.separator" value=":"/>
    <property name="sun.arch.data.model" value="64"/>
    <property name="os.version" value="5.4.72-microsoft-standard-WSL2"/>
    <property name="java.runtime.name" value="OpenJDK Runtime Environment"/>
    <property name="file.encoding" value="UTF-8"/>
    <property name="java.vendor.url" value="Unknown"/>
    <property name="java.vm.name" value="OpenJDK 64-Bit Server VM"/>
    <property name="java.vm.specification.version" value="14"/>
    <property name="os.name" value="Linux"/>
    <property name="sun.java.launcher" value="SUN_STANDARD"/>
    <property name="localRepository" value="/mnt/d/wsl/.m2/repository"/>
    <property name="sun.boot.library.path" value="/usr/lib/jvm/java-14-openjdk-amd64/lib"/>
    <property name="sun.java.command" value="/mnt/d/Code/sofware/examen-JeanPaul/target/surefire/surefirebooter18371241035718160112.jar /mnt/d/Code/sofware/examen-JeanPaul/target/surefire 2021-07-26T16-29-41_388-jvmRun1 surefire16579588662714278955tmp surefire_014560043522557563812tmp"/>
    <property name="java.vendor.url.bug" value="Unknown"/>
    <property name="java.io.tmpdir" value="/tmp"/>
    <property name="jdk.debug" value="release"/>
    <property name="surefire.test.class.path" value="/mnt/d/Code/sofware/examen-JeanPaul/target/test-classes:/mnt/d/Code/sofware/examen-JeanPaul/target/classes:/mnt/d/wsl/.m2/repository/org/testng/testng/7.3.0/testng-7.3.0.jar:/mnt/d/wsl/.m2/repository/com/beust/jcommander/1.78/jcommander-1.78.jar:/mnt/d/wsl/.m2/repository/org/apache/ant/ant/1.10.3/ant-1.10.3.jar:/mnt/d/wsl/.m2/repository/org/apache/ant/ant-launcher/1.10.3/ant-launcher-1.10.3.jar:/mnt/d/wsl/.m2/repository/junit/junit/4.12/junit-4.12.jar:/mnt/d/wsl/.m2/repository/org/hamcrest/hamcrest-core/1.3/hamcrest-core-1.3.jar:/mnt/d/wsl/.m2/repository/com/google/inject/guice/4.2.2/guice-4.2.2-no_aop.jar:/mnt/d/wsl/.m2/repository/javax/inject/javax.inject/1/javax.inject-1.jar:/mnt/d/wsl/.m2/repository/aopalliance/aopalliance/1.0/aopalliance-1.0.jar:/mnt/d/wsl/.m2/repository/com/google/guava/guava/25.1-android/guava-25.1-android.jar:/mnt/d/wsl/.m2/repository/com/google/code/findbugs/jsr305/3.0.2/jsr305-3.0.2.jar:/mnt/d/wsl/.m2/repository/org/checkerframework/checker-compat-qual/2.0.0/checker-compat-qual-2.0.0.jar:/mnt/d/wsl/.m2/repository/com/google/errorprone/error_prone_annotations/2.1.3/error_prone_annotations-2.1.3.jar:/mnt/d/wsl/.m2/repository/com/google/j2objc/j2objc-annotations/1.1/j2objc-annotations-1.1.jar:/mnt/d/wsl/.m2/repository/org/codehaus/mojo/animal-sniffer-annotations/1.14/animal-sniffer-annotations-1.14.jar:/mnt/d/wsl/.m2/repository/org/yaml/snakeyaml/1.21/snakeyaml-1.21.jar:"/>
    <property name="sun.cpu.endian" value="little"/>
    <property name="java.version" value="14.0.2"/>
    <property name="user.home" value="/mnt/d/wsl"/>
    <property name="user.dir" value="/mnt/d/Code/sofware/examen-JeanPaul"/>
    <property name="os.arch" value="amd64"/>
    <property name="user.language" value="en"/>
    <property name="java.specification.vendor" value="Oracle Corporation"/>
    <property name="java.vm.specification.name" value="Java Virtual Machine Specification"/>
    <property name="java.version.date" value="2020-07-14"/>
    <property name="java.home" value="/usr/lib/jvm/java-14-openjdk-amd64"/>
    <property name="file.separator" value="/"/>
    <property name="basedir" value="/mnt/d/Code/sofware/examen-JeanPaul"/>
    <property name="java.vm.compressedOopsMode" value="Zero based"/>
    <property name="line.separator" value="&#10;"/>
    <property name="java.library.path" value="/opt/oracle/instantclient_19_9:/usr/java/packages/lib:/usr/lib/x86_64-linux-gnu/jni:/lib/x86_64-linux-gnu:/usr/lib/x86_64-linux-gnu:/usr/lib/jni:/lib:/usr/lib"/>
    <property name="java.vm.info" value="mixed mode, sharing"/>
    <property name="java.vm.specification.vendor" value="Oracle Corporation"/>
    <property name="java.specification.name" value="Java Platform API Specification"/>
    <property name="java.vendor" value="Private Build"/>
    <property name="java.vm.version" value="14.0.2+12-Ubuntu-120.04"/>
    <property name="sun.io.unicode.encoding" value="UnicodeLittle"/>
    <property name="java.class.version" value="58.0"/>
    <property name="surefire.real.class.path" value="/mnt/d/Code/sofware/examen-JeanPaul/target/surefire/surefirebooter18371241035718160112.jar"/>
  </properties>
  <testcase name="test1" classname="com.Tests" time="0.03"/>
  <testcase name="test2" classname="com.Tests" time="0"/>
  <testcase name="test3" classname="com.Tests" time="0.071"/>
</testsuite>