<?xml version="1.0" encoding="UTF-8"?>
<!-- Generated by org.testng.reporters.JUnitReportReporter -->
<testsuite hostname="LAPTOP-PSDGBUOR" failures="0" tests="3" name="com.Tests" time="0.097" errors="0" timestamp="2021-07-26T16:29:45 PET" skipped="0">
  <testcase classname="com.Tests" name="test3" time="0.071"/>
  <system-out/>
  <testcase classname="com.Tests" name="test2" time="0.000"/>
  <system-out/>
  <testcase classname="com.Tests" name="test1" time="0.026"/>
  <system-out/>
</testsuite> <!-- com.Tests -->
