<?xml version="1.0" encoding="UTF-8"?>
<!-- Generated by org.testng.reporters.JUnitReportReporter -->
<testsuite hostname="LAPTOP-PSDGBUOR" failures="0" tests="3" name="com.Tests" time="0.103" errors="0" timestamp="2021-07-26T16:25:42 PET" skipped="0">
  <testcase classname="com.Tests" name="test3" time="0.072"/>
  <system-out/>
  <testcase classname="com.Tests" name="test2" time="0.001"/>
  <system-out/>
  <testcase classname="com.Tests" name="test1" time="0.030"/>
  <system-out/>
</testsuite> <!-- com.Tests -->
